[debug] [2020-04-20T19:41:14.469Z] ----------------------------------------------------------------------
[debug] [2020-04-20T19:41:14.472Z] Command:       C:\Program Files\nodejs\node.exe C:\Users\User\AppData\Roaming\npm\node_modules\firebase-tools\lib\bin\firebase.js emulators:start --import=seeds/ --only functions,firestore
[debug] [2020-04-20T19:41:14.472Z] CLI Version:   8.0.3
[debug] [2020-04-20T19:41:14.472Z] Platform:      win32
[debug] [2020-04-20T19:41:14.472Z] Node Version:  v12.13.0
[debug] [2020-04-20T19:41:14.473Z] Time:          Mon Apr 20 2020 15:41:14 GMT-0400 (Eastern Daylight Time)
[debug] [2020-04-20T19:41:14.473Z] ----------------------------------------------------------------------
[debug] [2020-04-20T19:41:14.473Z] 
[debug] [2020-04-20T19:41:14.482Z] > command requires scopes: ["email","openid","https://www.googleapis.com/auth/cloudplatformprojects.readonly","https://www.googleapis.com/auth/firebase","https://www.googleapis.com/auth/cloud-platform"]
[debug] [2020-04-20T19:41:14.482Z] > authorizing via signed-in user
[info] i  emulators: Starting emulators: functions, firestore
[debug] [2020-04-20T19:41:16.545Z] [hub] writing locator at C:\Users\User\AppData\Local\Temp\hub-dispatch-7fe76.json
[info] +  hub: emulator hub started at http://localhost:4400
[info] +  functions: Using node@12 from host.
[info] +  functions: functions emulator started at http://localhost:5001
[info] i  firestore: Importing data from D:\WebDevelopment\dispatcher\functions\seeds\2020-04-17T11_54_58_62665.overall_export_metadata
[warn] !  firestore: The emulator will default to allowing all reads and writes. Learn more about this option: https://firebase.google.com/docs/emulator-suite/install_and_configure#security_rules_configuration.
[debug] [2020-04-20T19:41:20.577Z] Ignoring unsupported arg: projectId
[debug] [2020-04-20T19:41:20.577Z] Ignoring unsupported arg: auto_download
[debug] [2020-04-20T19:41:20.579Z] Starting firestore emulator with command {"binary":"java","args":["-Duser.language=en","-jar","C:\\Users\\User\\.cache\\firebase\\emulators\\cloud-firestore-emulator-v1.11.2.jar","--host","localhost","--port",5005,"--seed_from_export","D:\\WebDevelopment\\dispatcher\\functions\\seeds\\2020-04-17T11_54_58_62665.overall_export_metadata","--rules","D:\\WebDevelopment\\dispatcher\\firestore.rules","--functions_emulator","localhost:5001"],"optionalArgs":["port","webchannel_port","host","rules","functions_emulator","seed_from_export"],"joinArgs":false}
[info] i  firestore: firestore emulator logging to firestore-debug.log
[debug] [2020-04-20T19:41:21.551Z] API endpoint: http://localhost
[debug] [2020-04-20T19:41:21.551Z] :5005
If you are using a library that supports the FIRESTORE_EMULATOR_HOST environment variable, run:

   export FIRESTORE_EMULATOR_HOST=localhost:5005

Dev App Server is now running.


[info] +  firestore: firestore emulator started at http://localhost:5005
[info] i  firestore: For testing set FIRESTORE_EMULATOR_HOST=localhost:5005
[info] i  functions: Watching "D:\WebDevelopment\dispatcher\functions" for Cloud Functions...
[debug] [2020-04-20T19:41:21.609Z] [worker-pool] addWorker(~diagnostic~) 
[debug] [2020-04-20T19:41:21.609Z] [worker-pool] Adding worker with key ~diagnostic~, total=1 
[debug] [2020-04-20T19:41:21.610Z] [worker-pool] submitWork(triggerId=) 
[debug] [2020-04-20T19:41:21.610Z] [worker-~diagnostic~-809b4db7-bb84-4716-acb7-bae70aeb4e8b]: Assigning socketPath: \\?\pipe\D:\WebDevelopment\dispatcher\functions\47272 
[debug] [2020-04-20T19:41:21.610Z] [worker-~diagnostic~-809b4db7-bb84-4716-acb7-bae70aeb4e8b]: BUSY 
